Nov-01 16:06:08.726 [main] DEBUG nextflow.cli.Launcher - $> nextflow run /users/bop20pp/personal_git/Avian_scRNAseq/CL_analyses/nextflow/var_rates/main.nf --metadata /users/bop20pp/personal_git/Avian_scRNAseq/CL_analyses/nextflow/var_rates/metadata_full.csv --tree /users/bop20pp/personal_git/Avian_scRNAseq/CL_analyses/nextflow/var_rates/data/tree.txt -resume -with-dag flowchat.png -with-trace
Nov-01 16:06:08.839 [main] INFO  nextflow.cli.CmdRun - N E X T F L O W  ~  version 22.04.0
Nov-01 16:06:08.856 [main] DEBUG nextflow.config.ConfigBuilder - Found config local: /users/bop20pp/personal_git/Avian_scRNAseq/CL_analyses/nextflow/var_rates/nextflow.config
Nov-01 16:06:08.858 [main] DEBUG nextflow.config.ConfigBuilder - Parsing config file: /users/bop20pp/personal_git/Avian_scRNAseq/CL_analyses/nextflow/var_rates/nextflow.config
Nov-01 16:06:08.890 [main] DEBUG nextflow.config.ConfigBuilder - Applying config profile: `standard`
Nov-01 16:06:09.544 [main] INFO  nextflow.cli.CmdRun - Launching `/users/bop20pp/personal_git/Avian_scRNAseq/CL_analyses/nextflow/var_rates/main.nf` [lethal_pike] DSL2 - revision: a83fc54d1c
Nov-01 16:06:09.553 [main] DEBUG nextflow.plugin.PluginsFacade - Setting up plugin manager > mode=prod; plugins-dir=/users/bop20pp/.nextflow/plugins; core-plugins: nf-amazon@1.7.1,nf-azure@0.13.1,nf-console@1.0.3,nf-ga4gh@1.0.3,nf-google@1.1.4,nf-sqldb@0.4.0,nf-tower@1.4.0
Nov-01 16:06:09.554 [main] DEBUG nextflow.plugin.PluginsFacade - Plugins default=[]
Nov-01 16:06:09.561 [main] INFO  org.pf4j.DefaultPluginStatusProvider - Enabled plugins: []
Nov-01 16:06:09.562 [main] INFO  org.pf4j.DefaultPluginStatusProvider - Disabled plugins: []
Nov-01 16:06:09.565 [main] INFO  org.pf4j.DefaultPluginManager - PF4J version 3.4.1 in 'deployment' mode
Nov-01 16:06:09.572 [main] INFO  org.pf4j.AbstractPluginManager - No plugins
Nov-01 16:06:09.609 [main] DEBUG nextflow.Session - Session uuid: d40080ae-ca3a-423f-9a2a-ceada6212839
Nov-01 16:06:09.609 [main] DEBUG nextflow.Session - Run name: lethal_pike
Nov-01 16:06:09.609 [main] DEBUG nextflow.Session - Executor pool size: 2
Nov-01 16:06:09.645 [main] DEBUG nextflow.cli.CmdRun - 
  Version: 22.04.0 build 5697
  Created: 23-04-2022 18:00 UTC (19:00 BST)
  System: Linux 3.10.0-1160.59.1.el7.x86_64
  Runtime: Groovy 3.0.10 on OpenJDK 64-Bit Server VM 11.0.16+8
  Encoding: UTF-8 (UTF-8)
  Process: 12434@node001.pri.stanage.alces.network [10.10.1.1]
  CPUs: 2 - Mem: 32 GB (31.7 GB) - Swap: 0 (0)
Nov-01 16:06:09.672 [main] DEBUG nextflow.Session - Work-dir: /users/bop20pp/personal_git/Avian_scRNAseq/CL_analyses/nextflow/var_rates/work [nfs]
Nov-01 16:06:09.672 [main] DEBUG nextflow.Session - Script base path does not exist or is not a directory: /users/bop20pp/personal_git/Avian_scRNAseq/CL_analyses/nextflow/var_rates/bin
Nov-01 16:06:09.679 [main] DEBUG nextflow.executor.ExecutorFactory - Extension executors providers=[]
Nov-01 16:06:09.701 [main] DEBUG nextflow.Session - Observer factory: DefaultObserverFactory
Nov-01 16:06:09.736 [main] DEBUG nextflow.cache.CacheFactory - Using Nextflow cache factory: nextflow.cache.DefaultCacheFactory
Nov-01 16:06:09.744 [main] DEBUG nextflow.util.CustomThreadPool - Creating default thread pool > poolSize: 3; maxThreads: 1000
Nov-01 16:06:09.865 [main] DEBUG nextflow.Session - Session start invoked
Nov-01 16:06:09.868 [main] DEBUG nextflow.trace.TraceFileObserver - Flow starting -- trace file: /users/bop20pp/personal_git/Avian_scRNAseq/CL_analyses/nextflow/var_rates/trace.txt
Nov-01 16:06:10.324 [main] DEBUG nextflow.script.ScriptRunner - > Launching execution
Nov-01 16:06:11.420 [main] DEBUG nextflow.script.ProcessConfig - Config settings `withLabel:R` matches labels `R` for process with name paml_tree
Nov-01 16:06:11.425 [main] DEBUG nextflow.executor.ExecutorFactory - << taskConfig executor: slurm
Nov-01 16:06:11.425 [main] DEBUG nextflow.executor.ExecutorFactory - >> processorType: 'slurm'
Nov-01 16:06:11.431 [main] DEBUG nextflow.executor.Executor - [warm up] executor > slurm
Nov-01 16:06:11.439 [main] DEBUG n.processor.TaskPollingMonitor - Creating task monitor for executor 'slurm' > capacity: 100; pollInterval: 5s; dumpInterval: 5m 
Nov-01 16:06:11.442 [main] DEBUG n.executor.AbstractGridExecutor - Creating executor 'slurm' > queue-stat-interval: 1m
Nov-01 16:06:11.511 [main] DEBUG nextflow.executor.ExecutorFactory - << taskConfig executor: slurm
Nov-01 16:06:11.511 [main] DEBUG nextflow.executor.ExecutorFactory - >> processorType: 'slurm'
Nov-01 16:06:11.524 [main] DEBUG nextflow.executor.ExecutorFactory - << taskConfig executor: slurm
Nov-01 16:06:11.524 [main] DEBUG nextflow.executor.ExecutorFactory - >> processorType: 'slurm'
Nov-01 16:06:11.530 [main] DEBUG nextflow.script.ProcessConfig - Config settings `withLabel:python_orth` matches labels `python_orth` for process with name orthofinder
Nov-01 16:06:11.530 [main] DEBUG nextflow.executor.ExecutorFactory - << taskConfig executor: slurm
Nov-01 16:06:11.530 [main] DEBUG nextflow.executor.ExecutorFactory - >> processorType: 'slurm'
Nov-01 16:06:11.533 [main] DEBUG nextflow.executor.ExecutorFactory - << taskConfig executor: slurm
Nov-01 16:06:11.533 [main] DEBUG nextflow.executor.ExecutorFactory - >> processorType: 'slurm'
Nov-01 16:06:11.540 [main] DEBUG nextflow.script.ProcessConfig - Config settings `withLabel:R` matches labels `R` for process with name format_fastas
Nov-01 16:06:11.541 [main] DEBUG nextflow.executor.ExecutorFactory - << taskConfig executor: slurm
Nov-01 16:06:11.541 [main] DEBUG nextflow.executor.ExecutorFactory - >> processorType: 'slurm'
Nov-01 16:06:11.545 [main] DEBUG nextflow.script.ProcessConfig - Config settings `withLabel:prank` matches labels `prank` for process with name prank_allign
Nov-01 16:06:11.546 [main] DEBUG nextflow.executor.ExecutorFactory - << taskConfig executor: slurm
Nov-01 16:06:11.546 [main] DEBUG nextflow.executor.ExecutorFactory - >> processorType: 'slurm'
Nov-01 16:06:11.556 [main] DEBUG nextflow.script.ProcessConfig - Config settings `withLabel:R` matches labels `R` for process with name remove_gaps
Nov-01 16:06:11.557 [main] DEBUG nextflow.executor.ExecutorFactory - << taskConfig executor: slurm
Nov-01 16:06:11.558 [main] DEBUG nextflow.executor.ExecutorFactory - >> processorType: 'slurm'
Nov-01 16:06:11.566 [main] DEBUG nextflow.script.ProcessConfig - Config settings `withLabel:prank` matches labels `prank` for process with name prank_phy
Nov-01 16:06:11.567 [main] DEBUG nextflow.executor.ExecutorFactory - << taskConfig executor: slurm
Nov-01 16:06:11.570 [main] DEBUG nextflow.executor.ExecutorFactory - >> processorType: 'slurm'
Nov-01 16:06:11.585 [main] DEBUG nextflow.script.ProcessConfig - Config settings `withLabel:R` matches labels `R` for process with name mod0_paml
Nov-01 16:06:11.587 [main] DEBUG nextflow.executor.ExecutorFactory - << taskConfig executor: slurm
Nov-01 16:06:11.587 [main] DEBUG nextflow.executor.ExecutorFactory - >> processorType: 'slurm'
Nov-01 16:06:11.600 [main] DEBUG nextflow.executor.ExecutorFactory - << taskConfig executor: slurm
Nov-01 16:06:11.600 [main] DEBUG nextflow.executor.ExecutorFactory - >> processorType: 'slurm'
Nov-01 16:06:11.611 [main] DEBUG nextflow.script.ProcessConfig - Config settings `withLabel:R` matches labels `R` for process with name remove_Ns
Nov-01 16:06:11.612 [main] DEBUG nextflow.executor.ExecutorFactory - << taskConfig executor: slurm
Nov-01 16:06:11.612 [main] DEBUG nextflow.executor.ExecutorFactory - >> processorType: 'slurm'
Nov-01 16:06:11.616 [main] DEBUG nextflow.script.ProcessConfig - Config settings `withLabel:R` matches labels `R` for process with name m1avsm2a
Nov-01 16:06:11.617 [main] DEBUG nextflow.executor.ExecutorFactory - << taskConfig executor: slurm
Nov-01 16:06:11.618 [main] DEBUG nextflow.executor.ExecutorFactory - >> processorType: 'slurm'
Nov-01 16:06:11.626 [main] DEBUG nextflow.script.ProcessConfig - Config settings `withLabel:R` matches labels `R` for process with name comp_paml_models
Nov-01 16:06:11.628 [main] DEBUG nextflow.executor.ExecutorFactory - << taskConfig executor: slurm
Nov-01 16:06:11.628 [main] DEBUG nextflow.executor.ExecutorFactory - >> processorType: 'slurm'
Nov-01 16:06:11.631 [main] DEBUG nextflow.Session - Workflow process names [dsl2]: remove_gaps, swamp_final, prank_phy, swamp_test, orthofinder, paml_tree, mod0_paml, ortho_cds, m1avsm2a, format_fastas, remove_Ns, comp_paml_models, prank_allign, longest_isoform, get_refs
Nov-01 16:06:11.632 [main] DEBUG nextflow.Session - Ignite dataflow network (16)
Nov-01 16:06:11.635 [main] DEBUG nextflow.processor.TaskProcessor - Starting process > paml_tree
Nov-01 16:06:11.637 [main] DEBUG nextflow.processor.TaskProcessor - Starting process > get_refs
Nov-01 16:06:11.637 [main] DEBUG nextflow.processor.TaskProcessor - Starting process > longest_isoform
Nov-01 16:06:11.639 [main] DEBUG nextflow.processor.TaskProcessor - Starting process > orthofinder
Nov-01 16:06:11.639 [main] DEBUG nextflow.processor.TaskProcessor - Starting process > ortho_cds
Nov-01 16:06:11.641 [main] DEBUG nextflow.processor.TaskProcessor - Starting process > format_fastas
Nov-01 16:06:11.650 [main] DEBUG nextflow.processor.TaskProcessor - Starting process > prank_allign
Nov-01 16:06:11.650 [main] DEBUG nextflow.processor.TaskProcessor - Starting process > remove_gaps
Nov-01 16:06:11.650 [main] DEBUG nextflow.processor.TaskProcessor - Starting process > prank_phy
Nov-01 16:06:11.650 [main] DEBUG nextflow.processor.TaskProcessor - Starting process > mod0_paml
Nov-01 16:06:11.651 [main] DEBUG nextflow.processor.TaskProcessor - Starting process > swamp_final
Nov-01 16:06:11.651 [main] DEBUG nextflow.processor.TaskProcessor - Starting process > remove_Ns
Nov-01 16:06:11.651 [main] DEBUG nextflow.processor.TaskProcessor - Starting process > m1avsm2a
Nov-01 16:06:11.651 [main] DEBUG nextflow.processor.TaskProcessor - Starting process > comp_paml_models
Nov-01 16:06:11.651 [main] DEBUG nextflow.script.ScriptRunner - > Await termination 
Nov-01 16:06:11.651 [main] DEBUG nextflow.Session - Session await
Nov-01 16:06:11.742 [Actor Thread 11] DEBUG nextflow.container.SingularityCache - Singularity found local store for image=docker://rocker/tidyverse; path=/mnt/parscratch/users/bop20pp/Avian_scRNAseq/var_rates/sing/rocker-tidyverse.img
Nov-01 16:06:11.830 [Actor Thread 14] INFO  nextflow.processor.TaskProcessor - [43/948f41] Cached process > paml_tree
Nov-01 16:06:11.985 [Task submitter] DEBUG nextflow.executor.GridTaskHandler - [SLURM] submitted process get_refs (2) > jobId: 379466; workDir: /users/bop20pp/personal_git/Avian_scRNAseq/CL_analyses/nextflow/var_rates/work/ad/29f252bc38191e891b8abe90b369f3
Nov-01 16:06:11.985 [Task submitter] INFO  nextflow.Session - [ad/29f252] Submitted process > get_refs (2)
Nov-01 16:06:12.005 [Task submitter] DEBUG nextflow.executor.GridTaskHandler - [SLURM] submitted process get_refs (1) > jobId: 379467; workDir: /users/bop20pp/personal_git/Avian_scRNAseq/CL_analyses/nextflow/var_rates/work/07/1b762bd62ae341a66cbba0dfa9f42a
Nov-01 16:06:12.006 [Task submitter] INFO  nextflow.Session - [07/1b762b] Submitted process > get_refs (1)
Nov-01 16:06:12.051 [Task submitter] DEBUG nextflow.executor.GridTaskHandler - [SLURM] submitted process get_refs (3) > jobId: 379468; workDir: /users/bop20pp/personal_git/Avian_scRNAseq/CL_analyses/nextflow/var_rates/work/e5/e0d896bd952c661de596a2405cecf3
Nov-01 16:06:12.051 [Task submitter] INFO  nextflow.Session - [e5/e0d896] Submitted process > get_refs (3)
Nov-01 16:06:12.066 [Task submitter] DEBUG nextflow.executor.GridTaskHandler - [SLURM] submitted process get_refs (4) > jobId: 379469; workDir: /users/bop20pp/personal_git/Avian_scRNAseq/CL_analyses/nextflow/var_rates/work/8b/7c249a7aee42cfc50b2762aad22379
Nov-01 16:06:12.066 [Task submitter] INFO  nextflow.Session - [8b/7c249a] Submitted process > get_refs (4)
Nov-01 16:06:15.134 [SIGINT handler] DEBUG nextflow.Session - Session aborted -- Cause: SIGINT
Nov-01 16:06:15.159 [SIGINT handler] DEBUG nextflow.Session - The following nodes are still active:
[process] longest_isoform
  status=ACTIVE
  port 0: (queue) OPEN  ; channel: -
  port 1: (cntrl) -     ; channel: $

[process] orthofinder
  status=ACTIVE
  port 0: (value) OPEN  ; channel: proteins
  port 1: (cntrl) -     ; channel: $

[process] ortho_cds
  status=ACTIVE
  port 0: (value) OPEN  ; channel: -
  port 1: (cntrl) -     ; channel: $

[process] format_fastas
  status=ACTIVE
  port 0: (queue) OPEN  ; channel: -
  port 1: (cntrl) -     ; channel: $

[process] prank_allign
  status=ACTIVE
  port 0: (queue) OPEN  ; channel: -
  port 1: (cntrl) -     ; channel: $

[process] remove_gaps
  status=ACTIVE
  port 0: (queue) OPEN  ; channel: -
  port 1: (cntrl) -     ; channel: $

[process] prank_phy
  status=ACTIVE
  port 0: (queue) OPEN  ; channel: -
  port 1: (cntrl) -     ; channel: $

[process] mod0_paml
  status=ACTIVE
  port 0: (queue) OPEN  ; channel: -
  port 1: (cntrl) -     ; channel: $

[process] swamp_final
  status=ACTIVE
  port 0: (queue) OPEN  ; channel: -
  port 1: (cntrl) -     ; channel: $

[process] remove_Ns
  status=ACTIVE
  port 0: (queue) OPEN  ; channel: -
  port 1: (cntrl) -     ; channel: $

[process] m1avsm2a
  status=ACTIVE
  port 0: (queue) OPEN  ; channel: -
  port 1: (cntrl) -     ; channel: $

[process] comp_paml_models
  status=ACTIVE
  port 0: (queue) OPEN  ; channel: -
  port 1: (cntrl) -     ; channel: $

Nov-01 16:06:15.161 [main] DEBUG nextflow.Session - Session await > all process finished
Nov-01 16:06:15.162 [main] DEBUG nextflow.Session - Session await > all barriers passed
Nov-01 16:06:15.165 [main] WARN  n.processor.TaskPollingMonitor - Killing running tasks (4)
Nov-01 16:06:15.203 [main] DEBUG nextflow.trace.WorkflowStatsObserver - Workflow completed > WorkflowStats[succeededCount=0; failedCount=0; ignoredCount=0; cachedCount=1; pendingCount=0; submittedCount=4; runningCount=-4; retriesCount=0; abortedCount=4; succeedDuration=0ms; failedDuration=0ms; cachedDuration=0ms;loadCpus=-4; loadMemory=0; peakRunning=0; peakCpus=0; peakMemory=0; ]
Nov-01 16:06:15.203 [main] DEBUG nextflow.trace.TraceFileObserver - Flow completing -- flushing trace file
Nov-01 16:06:15.284 [main] DEBUG nextflow.cache.CacheDB - Closing CacheDB done
Nov-01 16:06:15.298 [main] DEBUG nextflow.script.ScriptRunner - > Execution complete -- Goodbye
